INFO:    CREATE TABLE (0.000080 s parsing, 0.002908 s compilation, 0.000000 s transmission, 0.027503 s execution)
INFO:    CREATE TABLE (0.000073 s parsing, 0.000052 s compilation, 0.000000 s transmission, 0.033049 s execution)
INFO:    CREATE TABLE (0.000069 s parsing, 0.000057 s compilation, 0.000000 s transmission, 0.047332 s execution)
INFO:    CREATE TABLE (0.000062 s parsing, 0.000053 s compilation, 0.000000 s transmission, 0.049726 s execution)
INFO:    CREATE TABLE (0.000083 s parsing, 0.000062 s compilation, 0.000000 s transmission, 0.066092 s execution)
INFO:    CREATE TABLE (0.000045 s parsing, 0.000045 s compilation, 0.000000 s transmission, 0.027742 s execution)
INFO:    CREATE TABLE (0.000053 s parsing, 0.000045 s compilation, 0.000000 s transmission, 0.068539 s execution)
INFO:    CREATE TABLE (0.000060 s parsing, 0.000054 s compilation, 0.000000 s transmission, 0.102999 s execution)
INFO:    CREATE TABLE (0.000019 s parsing, 0.000019 s compilation, 0.000000 s transmission, 0.073332 s execution)
INFO:    CREATE INDEX (0.000012 s parsing, 0.000025 s compilation, 0.000000 s transmission, 0.252539 s execution)
INFO:    CREATE INDEX (0.000019 s parsing, 0.000031 s compilation, 0.000000 s transmission, 0.169748 s execution)
INFO:    CREATE REMOTE STORAGE (0.000015 s parsing, 0.000035 s compilation, 0.000000 s transmission, 0.037759 s execution)
INFO:    100000 rows (0.000026 s parsing, 0.000542 s compilation, 0.000000 s transmission, 0.079520 s execution)
INFO:    100 rows (0.000015 s parsing, 0.000507 s compilation, 0.000000 s transmission, 0.016197 s execution)
INFO:    10000000 rows (0.000024 s parsing, 0.000652 s compilation, 0.000000 s transmission, 4.886717 s execution)
INFO:    1000 rows (0.000015 s parsing, 0.000829 s compilation, 0.000000 s transmission, 0.020554 s execution)
INFO:    3000000 rows (0.000015 s parsing, 0.000621 s compilation, 0.000000 s transmission, 2.593652 s execution)
INFO:    3000000 rows (0.000015 s parsing, 0.000629 s compilation, 0.000000 s transmission, 0.293153 s execution)
INFO:    3000000 rows (0.000024 s parsing, 0.000857 s compilation, 0.000000 s transmission, 0.596174 s execution)
INFO:    29995752 rows (0.000015 s parsing, 0.000654 s compilation, 0.000000 s transmission, 4.694295 s execution)
INFO:    900000 rows (0.000017 s parsing, 0.001091 s compilation, 0.000000 s transmission, 0.173788 s execution)
INFO:    CREATE FUNCTION (0.000027 s parsing, 0.000068 s compilation, 0.000000 s transmission, 0.036222 s execution)
INFO:    CREATE FUNCTION (0.000015 s parsing, 0.000015 s compilation, 0.000000 s transmission, 0.037721 s execution)
INFO:    CREATE FUNCTION (0.000012 s parsing, 0.000014 s compilation, 0.000000 s transmission, 0.039275 s execution)
INFO:    CREATE FUNCTION (0.000013 s parsing, 0.000015 s compilation, 0.000000 s transmission, 0.040692 s execution)
INFO:    CREATE FUNCTION (0.000015 s parsing, 0.000014 s compilation, 0.000000 s transmission, 0.041816 s execution)
INFO:    CREATE FUNCTION (0.000013 s parsing, 0.000013 s compilation, 0.000000 s transmission, 0.045251 s execution)
INFO:    CREATE FUNCTION (0.000015 s parsing, 0.000017 s compilation, 0.000000 s transmission, 0.052785 s execution)
INFO:    CREATE FUNCTION (0.000010 s parsing, 0.000013 s compilation, 0.000000 s transmission, 0.056547 s execution)
INFO:    CREATE FUNCTION (0.000014 s parsing, 0.000014 s compilation, 0.000000 s transmission, 0.063919 s execution)
INFO:    CREATE FUNCTION (0.000012 s parsing, 0.000013 s compilation, 0.000000 s transmission, 0.066858 s execution)
INFO:    0 rows (0.000019 s parsing, 0.000016 s compilation, 0.000000 s transmission, 0.000003 s execution)
PANIC:   unable to write to double-write buffer
